<?xml version="1.0" encoding="UTF-8"?>
<!-- Generated by org.testng.reporters.JUnitXMLReporter -->
<testsuite ignored="0" hostname="DESKTOP-SDBG9IR" failures="0" tests="9" name="Test" time="174.914" errors="0" timestamp="2025-07-04T23:40:13 IST">
  <testcase classname="testCases.LoginDDT" name="verifyLogin" time="16.219"/>
  <testcase classname="testCases.LoginDDT" name="verifyLogin" time="12.534"/>
  <testcase classname="testCases.LoginDDT" name="verifyLogin" time="12.533"/>
  <testcase classname="testCases.LoginDDT" name="verifyLogin" time="5.922"/>
  <testcase classname="testCases.LoginDDT" name="verifyLogin" time="13.428"/>
  <testcase classname="testCases.TC01_GetAllOptions" name="getOptions" time="6.165"/>
  <testcase classname="testCases.TC02_SearchByUsername" name="getOptions" time="9.673"/>
  <testcase classname="testCases.TC03_SearchByUserRole" name="getOptions" time="9.903"/>
  <testcase classname="testCases.TC04_SearchByStatus" name="getOptions" time="11.012"/>
</testsuite> <!-- Test -->
