<?xml version="1.0" encoding="UTF-8"?>
<testng-results ignored="0" total="9" passed="9" failed="0" skipped="0">
  <reporter-output>
  </reporter-output>
  <suite started-at="2025-07-04T23:37:14 IST" name="Suite" finished-at="2025-07-04T23:40:09 IST" duration-ms="174914">
    <groups>
    </groups>
    <test started-at="2025-07-04T23:37:14 IST" name="Test" finished-at="2025-07-04T23:40:09 IST" duration-ms="174914">
      <class name="testCases.TC01_GetAllOptions">
        <test-method is-config="true" signature="setup()[pri:0, instance:testCases.TC01_GetAllOptions@6989da5e]" started-at="2025-07-04T23:38:48 IST" name="setup" finished-at="2025-07-04T23:38:59 IST" duration-ms="10207" status="PASS">
          <reporter-output>
          </reporter-output>
        </test-method> <!-- setup -->
        <test-method signature="getOptions()[pri:0, instance:testCases.TC01_GetAllOptions@6989da5e]" started-at="2025-07-04T23:38:59 IST" name="getOptions" finished-at="2025-07-04T23:39:05 IST" duration-ms="6165" status="PASS">
          <reporter-output>
          </reporter-output>
        </test-method> <!-- getOptions -->
        <test-method is-config="true" signature="tearDown()[pri:0, instance:testCases.TC01_GetAllOptions@6989da5e]" started-at="2025-07-04T23:39:05 IST" name="tearDown" finished-at="2025-07-04T23:39:06 IST" duration-ms="549" status="PASS">
          <reporter-output>
          </reporter-output>
        </test-method> <!-- tearDown -->
      </class> <!-- testCases.TC01_GetAllOptions -->
      <class name="testCases.TC04_SearchByStatus">
        <test-method is-config="true" signature="setup()[pri:0, instance:testCases.TC04_SearchByStatus@682b2fa]" started-at="2025-07-04T23:39:46 IST" name="setup" finished-at="2025-07-04T23:39:57 IST" duration-ms="10799" status="PASS">
          <reporter-output>
          </reporter-output>
        </test-method> <!-- setup -->
        <test-method signature="getOptions()[pri:0, instance:testCases.TC04_SearchByStatus@682b2fa]" started-at="2025-07-04T23:39:57 IST" name="getOptions" finished-at="2025-07-04T23:40:08 IST" duration-ms="11012" status="PASS">
          <reporter-output>
          </reporter-output>
        </test-method> <!-- getOptions -->
        <test-method is-config="true" signature="tearDown()[pri:0, instance:testCases.TC04_SearchByStatus@682b2fa]" started-at="2025-07-04T23:40:08 IST" name="tearDown" finished-at="2025-07-04T23:40:09 IST" duration-ms="458" status="PASS">
          <reporter-output>
          </reporter-output>
        </test-method> <!-- tearDown -->
      </class> <!-- testCases.TC04_SearchByStatus -->
      <class name="testCases.TC03_SearchByUserRole">
        <test-method is-config="true" signature="setup()[pri:0, instance:testCases.TC03_SearchByUserRole@139982de]" started-at="2025-07-04T23:39:27 IST" name="setup" finished-at="2025-07-04T23:39:35 IST" duration-ms="7886" status="PASS">
          <reporter-output>
          </reporter-output>
        </test-method> <!-- setup -->
        <test-method signature="getOptions()[pri:0, instance:testCases.TC03_SearchByUserRole@139982de]" started-at="2025-07-04T23:39:35 IST" name="getOptions" finished-at="2025-07-04T23:39:45 IST" duration-ms="9903" status="PASS">
          <reporter-output>
          </reporter-output>
        </test-method> <!-- getOptions -->
        <test-method is-config="true" signature="tearDown()[pri:0, instance:testCases.TC03_SearchByUserRole@139982de]" started-at="2025-07-04T23:39:46 IST" name="tearDown" finished-at="2025-07-04T23:39:46 IST" duration-ms="542" status="PASS">
          <reporter-output>
          </reporter-output>
        </test-method> <!-- tearDown -->
      </class> <!-- testCases.TC03_SearchByUserRole -->
      <class name="testCases.LoginDDT">
        <test-method is-config="true" signature="setup()[pri:0, instance:testCases.LoginDDT@6a78afa0]" started-at="2025-07-04T23:37:14 IST" name="setup" finished-at="2025-07-04T23:37:40 IST" duration-ms="25970" status="PASS">
          <reporter-output>
          </reporter-output>
        </test-method> <!-- setup -->
        <test-method signature="verifyLogin(java.lang.String,java.lang.String,java.lang.String)[pri:0, instance:testCases.LoginDDT@6a78afa0]" started-at="2025-07-04T23:37:44 IST" name="verifyLogin" data-provider="LoginData" finished-at="2025-07-04T23:38:00 IST" duration-ms="16219" status="PASS">
          <params>
            <param index="0">
              <value>
                <![CDATA[Itachi]]>
              </value>
            </param>
            <param index="1">
              <value>
                <![CDATA[itachi123]]>
              </value>
            </param>
            <param index="2">
              <value>
                <![CDATA[Invalid]]>
              </value>
            </param>
          </params>
          <reporter-output>
          </reporter-output>
        </test-method> <!-- verifyLogin -->
        <test-method signature="verifyLogin(java.lang.String,java.lang.String,java.lang.String)[pri:0, instance:testCases.LoginDDT@6a78afa0]" started-at="2025-07-04T23:38:01 IST" name="verifyLogin" data-provider="LoginData" finished-at="2025-07-04T23:38:13 IST" duration-ms="12534" status="PASS">
          <params>
            <param index="0">
              <value>
                <![CDATA[Naruto]]>
              </value>
            </param>
            <param index="1">
              <value>
                <![CDATA[Naruto124]]>
              </value>
            </param>
            <param index="2">
              <value>
                <![CDATA[Invalid]]>
              </value>
            </param>
          </params>
          <reporter-output>
          </reporter-output>
        </test-method> <!-- verifyLogin -->
        <test-method signature="verifyLogin(java.lang.String,java.lang.String,java.lang.String)[pri:0, instance:testCases.LoginDDT@6a78afa0]" started-at="2025-07-04T23:38:14 IST" name="verifyLogin" data-provider="LoginData" finished-at="2025-07-04T23:38:26 IST" duration-ms="12533" status="PASS">
          <params>
            <param index="0">
              <value>
                <![CDATA[Admin34]]>
              </value>
            </param>
            <param index="1">
              <value>
                <![CDATA[admin34123]]>
              </value>
            </param>
            <param index="2">
              <value>
                <![CDATA[Invalid]]>
              </value>
            </param>
          </params>
          <reporter-output>
          </reporter-output>
        </test-method> <!-- verifyLogin -->
        <test-method signature="verifyLogin(java.lang.String,java.lang.String,java.lang.String)[pri:0, instance:testCases.LoginDDT@6a78afa0]" started-at="2025-07-04T23:38:27 IST" name="verifyLogin" data-provider="LoginData" finished-at="2025-07-04T23:38:33 IST" duration-ms="5922" status="PASS">
          <params>
            <param index="0">
              <value>
                <![CDATA[Admin]]>
              </value>
            </param>
            <param index="1">
              <value>
                <![CDATA[admin123]]>
              </value>
            </param>
            <param index="2">
              <value>
                <![CDATA[Valid]]>
              </value>
            </param>
          </params>
          <reporter-output>
          </reporter-output>
        </test-method> <!-- verifyLogin -->
        <test-method signature="verifyLogin(java.lang.String,java.lang.String,java.lang.String)[pri:0, instance:testCases.LoginDDT@6a78afa0]" started-at="2025-07-04T23:38:33 IST" name="verifyLogin" data-provider="LoginData" finished-at="2025-07-04T23:38:47 IST" duration-ms="13428" status="PASS">
          <params>
            <param index="0">
              <value>
                <![CDATA[abc]]>
              </value>
            </param>
            <param index="1">
              <value>
                <![CDATA[abc321]]>
              </value>
            </param>
            <param index="2">
              <value>
                <![CDATA[Invalid]]>
              </value>
            </param>
          </params>
          <reporter-output>
          </reporter-output>
        </test-method> <!-- verifyLogin -->
        <test-method is-config="true" signature="tearDown()[pri:0, instance:testCases.LoginDDT@6a78afa0]" started-at="2025-07-04T23:38:47 IST" name="tearDown" finished-at="2025-07-04T23:38:48 IST" duration-ms="1194" status="PASS">
          <reporter-output>
          </reporter-output>
        </test-method> <!-- tearDown -->
      </class> <!-- testCases.LoginDDT -->
      <class name="testCases.TC02_SearchByUsername">
        <test-method is-config="true" signature="setup()[pri:0, instance:testCases.TC02_SearchByUsername@385c9627]" started-at="2025-07-04T23:39:06 IST" name="setup" finished-at="2025-07-04T23:39:17 IST" duration-ms="10803" status="PASS">
          <reporter-output>
          </reporter-output>
        </test-method> <!-- setup -->
        <test-method signature="getOptions()[pri:0, instance:testCases.TC02_SearchByUsername@385c9627]" started-at="2025-07-04T23:39:17 IST" name="getOptions" finished-at="2025-07-04T23:39:26 IST" duration-ms="9673" status="PASS">
          <reporter-output>
          </reporter-output>
        </test-method> <!-- getOptions -->
        <test-method is-config="true" signature="tearDown()[pri:0, instance:testCases.TC02_SearchByUsername@385c9627]" started-at="2025-07-04T23:39:27 IST" name="tearDown" finished-at="2025-07-04T23:39:27 IST" duration-ms="576" status="PASS">
          <reporter-output>
          </reporter-output>
        </test-method> <!-- tearDown -->
      </class> <!-- testCases.TC02_SearchByUsername -->
    </test> <!-- Test -->
  </suite> <!-- Suite -->
</testng-results>
